<?xml version="1.0" encoding="utf-8"?><testsuites name="pytest tests"><testsuite name="pytest" errors="0" failures="0" skipped="0" tests="26" time="6.739" timestamp="2026-01-12T07:45:40.123280+00:00" hostname="agent-env-c50f585c-be3c-475d-9eea-ad9e1f902e7a"><testcase classname="tests.test_freefire_topup.TestUserAuthentication" name="test_user_login_success" time="0.283" /><testcase classname="tests.test_freefire_topup.TestUserAuthentication" name="test_user_login_invalid_credentials" time="0.259" /><testcase classname="tests.test_freefire_topup.TestAdminAuthentication" name="test_admin_login_success" time="0.300" /><testcase classname="tests.test_freefire_topup.TestAdminAuthentication" name="test_admin_login_invalid_credentials" time="0.261" /><testcase classname="tests.test_freefire_topup.TestPackagesAPI" name="test_list_packages_returns_all_products" time="0.034" /><testcase classname="tests.test_freefire_topup.TestPackagesAPI" name="test_packages_include_diamond_types" time="0.037" /><testcase classname="tests.test_freefire_topup.TestPackagesAPI" name="test_packages_include_membership_types" time="0.043" /><testcase classname="tests.test_freefire_topup.TestPackagesAPI" name="test_packages_include_evo_access_types" time="0.033" /><testcase classname="tests.test_freefire_topup.TestPackagesAPI" name="test_packages_have_correct_price_format" time="0.036" /><testcase classname="tests.test_freefire_topup.TestAdminDashboard" name="test_admin_dashboard_returns_stats" time="0.378" /><testcase classname="tests.test_freefire_topup.TestAdminDashboard" name="test_admin_dashboard_requires_auth" time="0.077" /><testcase classname="tests.test_freefire_topup.TestAdminOrders" name="test_admin_list_all_orders" time="0.297" /><testcase classname="tests.test_freefire_topup.TestAdminOrders" name="test_admin_filter_orders_by_status" time="0.329" /><testcase classname="tests.test_freefire_topup.TestAdminOrders" name="test_admin_filter_orders_by_success_status" time="0.289" /><testcase classname="tests.test_freefire_topup.TestAdminOrders" name="test_admin_orders_have_correct_price_format" time="0.334" /><testcase classname="tests.test_freefire_topup.TestAdminPackagesManagement" name="test_admin_list_packages" time="0.290" /><testcase classname="tests.test_freefire_topup.TestAdminPackagesManagement" name="test_admin_update_package_price" time="0.382" /><testcase classname="tests.test_freefire_topup.TestAdminGarenaAccounts" name="test_admin_list_garena_accounts" time="0.298" /><testcase classname="tests.test_freefire_topup.TestAdminUsersManagement" name="test_admin_list_users" time="0.296" /><testcase classname="tests.test_freefire_topup.TestAdminUsersManagement" name="test_admin_block_unblock_user" time="0.470" /><testcase classname="tests.test_freefire_topup.TestUserProfile" name="test_user_profile_returns_wallet_balance" time="0.287" /><testcase classname="tests.test_freefire_topup.TestUserWallet" name="test_user_wallet_returns_balance_and_transactions" time="0.306" /><testcase classname="tests.test_freefire_topup.TestOrderCreation" name="test_order_creation_requires_valid_uid" time="0.323" /><testcase classname="tests.test_freefire_topup.TestOrderCreation" name="test_order_creation_rejects_non_numeric_uid" time="0.327" /><testcase classname="tests.test_freefire_topup.TestOrderCreation" name="test_order_creation_with_valid_uid" time="0.336" /><testcase classname="tests.test_freefire_topup.TestUserOrders" name="test_user_can_list_orders" time="0.336" /></testsuite></testsuites>