<?xml version="1.0" encoding="utf-8"?><testsuites name="pytest tests"><testsuite name="pytest" errors="0" failures="1" skipped="0" tests="25" time="8.415" timestamp="2026-01-12T08:30:03.772125+00:00" hostname="agent-env-c50f585c-be3c-475d-9eea-ad9e1f902e7a"><testcase classname="tests.test_sms_and_automation.TestSMSReceiveEndpoint" name="test_sms_receive_endpoint_exists" time="0.091" /><testcase classname="tests.test_sms_and_automation.TestSMSReceiveEndpoint" name="test_sms_parses_fonepay_format" time="0.042" /><testcase classname="tests.test_sms_and_automation.TestSMSReceiveEndpoint" name="test_sms_parses_bank_format_with_asterisks" time="0.042" /><testcase classname="tests.test_sms_and_automation.TestSMSReceiveEndpoint" name="test_sms_parses_amount_with_comma" time="0.038" /><testcase classname="tests.test_sms_and_automation.TestDuplicateSMSRejection" name="test_duplicate_sms_fingerprint_rejected" time="0.072" /><testcase classname="tests.test_sms_and_automation.TestDuplicateSMSRejection" name="test_duplicate_rrn_rejected_via_sms" time="0.072" /><testcase classname="tests.test_sms_and_automation.TestSMSAutoMatching" name="test_sms_auto_matches_to_pending_order" time="0.696" /><testcase classname="tests.test_sms_and_automation.TestSMSAutoMatching" name="test_sms_no_match_without_pending_order" time="0.037" /><testcase classname="tests.test_sms_and_automation.TestOverpaymentCredit" name="test_overpayment_credited_to_wallet" time="0.747"><failure message="AssertionError: Wallet should be credited with overpayment, got increase of 0.0&#10;assert 0.0 &gt;= 4.0">tests/test_sms_and_automation.py:302: in test_overpayment_credited_to_wallet
    assert balance_increase &gt;= 4.0, f"Wallet should be credited with overpayment, got increase of {balance_increase}"
E   AssertionError: Wallet should be credited with overpayment, got increase of 0.0
E   assert 0.0 &gt;= 4.0</failure></testcase><testcase classname="tests.test_sms_and_automation.TestAutomationQueue" name="test_admin_can_view_automation_queue" time="0.290" /><testcase classname="tests.test_sms_and_automation.TestAutomationQueue" name="test_automation_queue_requires_admin_auth" time="0.031" /><testcase classname="tests.test_sms_and_automation.TestAutomationQueue" name="test_automation_queue_shows_queued_orders" time="0.292" /><testcase classname="tests.test_sms_and_automation.TestAdminTriggerAutomation" name="test_admin_can_trigger_single_order_automation" time="0.692" /><testcase classname="tests.test_sms_and_automation.TestAdminTriggerAutomation" name="test_trigger_automation_requires_queued_status" time="0.648" /><testcase classname="tests.test_sms_and_automation.TestAdminTriggerAutomation" name="test_trigger_automation_rejects_wallet_load_orders" time="0.691" /><testcase classname="tests.test_sms_and_automation.TestBatchAutomation" name="test_admin_can_trigger_batch_automation" time="0.302" /><testcase classname="tests.test_sms_and_automation.TestBatchAutomation" name="test_batch_automation_requires_admin_auth" time="0.033" /><testcase classname="tests.test_sms_and_automation.TestBatchAutomation" name="test_batch_automation_returns_zero_when_no_queued" time="0.345" /><testcase classname="tests.test_sms_and_automation.TestEndToEndPaymentFlow" name="test_full_payment_flow_with_sms_matching" time="0.763" /><testcase classname="tests.test_sms_and_automation.TestEndToEndPaymentFlow" name="test_order_status_tracking" time="0.833" /><testcase classname="tests.test_sms_and_automation.TestAdminSMSManagement" name="test_admin_can_list_sms" time="0.290" /><testcase classname="tests.test_sms_and_automation.TestAdminSMSManagement" name="test_admin_can_input_sms_manually" time="0.294" /><testcase classname="tests.test_sms_and_automation.TestAdminSMSManagement" name="test_admin_sms_input_detects_duplicate" time="0.364" /><testcase classname="tests.test_sms_and_automation.TestAdminReviewQueue" name="test_admin_can_view_review_queue" time="0.291" /><testcase classname="tests.test_sms_and_automation.TestAdminReviewQueue" name="test_review_queue_shows_correct_statuses" time="0.295" /></testsuite></testsuites>