<?xml version="1.0" encoding="utf-8"?><testsuites name="pytest tests"><testsuite name="pytest" errors="0" failures="0" skipped="0" tests="19" time="4.083" timestamp="2026-01-12T08:41:45.034427+00:00" hostname="agent-env-c50f585c-be3c-475d-9eea-ad9e1f902e7a"><testcase classname="tests.test_p2_scheduled_jobs_and_rate_limiting.TestSchedulerStatus" name="test_scheduler_status_returns_3_jobs" time="0.345" /><testcase classname="tests.test_p2_scheduled_jobs_and_rate_limiting.TestSchedulerStatus" name="test_scheduler_status_requires_admin_auth" time="0.037" /><testcase classname="tests.test_p2_scheduled_jobs_and_rate_limiting.TestSchedulerStatus" name="test_scheduler_jobs_have_next_run_time" time="0.036" /><testcase classname="tests.test_p2_scheduled_jobs_and_rate_limiting.TestManualJobTriggers" name="test_expire_orders_job_manual_trigger" time="0.298" /><testcase classname="tests.test_p2_scheduled_jobs_and_rate_limiting.TestManualJobTriggers" name="test_flag_suspicious_sms_job_manual_trigger" time="0.036" /><testcase classname="tests.test_p2_scheduled_jobs_and_rate_limiting.TestManualJobTriggers" name="test_cleanup_processing_job_manual_trigger" time="0.039" /><testcase classname="tests.test_p2_scheduled_jobs_and_rate_limiting.TestManualJobTriggers" name="test_manual_job_triggers_require_admin_auth" time="0.106" /><testcase classname="tests.test_p2_scheduled_jobs_and_rate_limiting.TestExpiryStatistics" name="test_expiry_stats_endpoint_exists" time="0.336" /><testcase classname="tests.test_p2_scheduled_jobs_and_rate_limiting.TestExpiryStatistics" name="test_expiry_stats_requires_admin_auth" time="0.033" /><testcase classname="tests.test_p2_scheduled_jobs_and_rate_limiting.TestOrderExpiryLogic" name="test_pending_order_not_expired_immediately" time="0.659" /><testcase classname="tests.test_p2_scheduled_jobs_and_rate_limiting.TestSuspiciousSMSFlagging" name="test_new_sms_not_flagged_suspicious_immediately" time="0.440" /><testcase classname="tests.test_p2_scheduled_jobs_and_rate_limiting.TestStuckOrderCleanup" name="test_cleanup_job_runs_without_error" time="0.292" /><testcase classname="tests.test_p2_scheduled_jobs_and_rate_limiting.TestStuckOrderCleanup" name="test_automation_queue_shows_processing_orders" time="0.033" /><testcase classname="tests.test_p2_scheduled_jobs_and_rate_limiting.TestRateLimiting" name="test_login_returns_rate_limit_headers" time="0.260" /><testcase classname="tests.test_p2_scheduled_jobs_and_rate_limiting.TestRateLimiting" name="test_packages_list_no_rate_limit" time="0.173" /><testcase classname="tests.test_p2_scheduled_jobs_and_rate_limiting.TestRateLimiting" name="test_sms_receive_has_rate_limit" time="0.078" /><testcase classname="tests.test_p2_scheduled_jobs_and_rate_limiting.TestWalletRefundOnExpiry" name="test_expiry_stats_tracks_expired_orders" time="0.299" /><testcase classname="tests.test_p2_scheduled_jobs_and_rate_limiting.TestJobIntegration" name="test_all_jobs_can_run_sequentially" time="0.404" /><testcase classname="tests.test_p2_scheduled_jobs_and_rate_limiting.TestJobIntegration" name="test_scheduler_still_running_after_manual_triggers" time="0.078" /></testsuite></testsuites>