<?xml version="1.0" encoding="utf-8"?><testsuites name="pytest tests"><testsuite name="pytest" errors="0" failures="6" skipped="0" tests="16" time="3.705" timestamp="2026-01-12T07:44:30.902603+00:00" hostname="agent-env-c50f585c-be3c-475d-9eea-ad9e1f902e7a"><testcase classname="tests.test_freefire_topup.TestUserAuthentication" name="test_user_login_success" time="0.317"><failure message="assert 999.01 == 50.0">tests/test_freefire_topup.py:25: in test_user_login_success
    assert data["wallet_balance"] == 50.0
E   assert 999.01 == 50.0</failure></testcase><testcase classname="tests.test_freefire_topup.TestUserAuthentication" name="test_user_login_invalid_credentials" time="0.257" /><testcase classname="tests.test_freefire_topup.TestAdminAuthentication" name="test_admin_login_success" time="0.265" /><testcase classname="tests.test_freefire_topup.TestAdminAuthentication" name="test_admin_login_invalid_credentials" time="0.302" /><testcase classname="tests.test_freefire_topup.TestPackagesAPI" name="test_list_packages_returns_all_products" time="0.041" /><testcase classname="tests.test_freefire_topup.TestPackagesAPI" name="test_packages_include_diamond_types" time="0.031" /><testcase classname="tests.test_freefire_topup.TestPackagesAPI" name="test_packages_include_membership_types" time="0.037" /><testcase classname="tests.test_freefire_topup.TestPackagesAPI" name="test_packages_include_evo_access_types" time="0.038" /><testcase classname="tests.test_freefire_topup.TestAdminDashboard" name="test_admin_dashboard_returns_stats" time="0.337"><failure message="AssertionError: assert 'duplicate_orders' in {'failed_orders': 0, 'pending_orders': 5, 'product_stats': [{'count': 1, 'total': 4.5, 'type': None}], 'review_queue_count': 0, ...}">tests/test_freefire_topup.py:131: in test_admin_dashboard_returns_stats
    assert "duplicate_orders" in data
E   AssertionError: assert 'duplicate_orders' in {'failed_orders': 0, 'pending_orders': 5, 'product_stats': [{'count': 1, 'total': 4.5, 'type': None}], 'review_queue_count': 0, ...}</failure></testcase><testcase classname="tests.test_freefire_topup.TestAdminDashboard" name="test_admin_dashboard_requires_auth" time="0.033" /><testcase classname="tests.test_freefire_topup.TestAdminPackagesManagement" name="test_admin_list_packages" time="0.292" /><testcase classname="tests.test_freefire_topup.TestAdminPackagesManagement" name="test_admin_update_package_price" time="0.360"><failure message="assert 0.99 == 1.0">tests/test_freefire_topup.py:187: in test_admin_update_package_price
    assert updated_package["price"] == new_price
E   assert 0.99 == 1.0</failure></testcase><testcase classname="tests.test_freefire_topup.TestAdminGarenaAccounts" name="test_admin_list_garena_accounts" time="0.294" /><testcase classname="tests.test_freefire_topup.TestAdminUsersManagement" name="test_admin_list_users" time="0.292"><failure message="assert 999.01 == 50.0">tests/test_freefire_topup.py:250: in test_admin_list_users
    assert testclient["wallet_balance"] == 50.0
E   assert 999.01 == 50.0</failure></testcase><testcase classname="tests.test_freefire_topup.TestAdminUsersManagement" name="test_admin_block_unblock_user" time="0.402"><failure message="assert False == True">tests/test_freefire_topup.py:276: in test_admin_block_unblock_user
    assert testclient["blocked"] == True
E   assert False == True</failure></testcase><testcase classname="tests.test_freefire_topup.TestUserProfile" name="test_user_profile_returns_wallet_balance" time="0.294"><failure message="assert 999.01 == 50.0">tests/test_freefire_topup.py:314: in test_user_profile_returns_wallet_balance
    assert data["wallet_balance"] == 50.0
E   assert 999.01 == 50.0</failure></testcase></testsuite></testsuites>