<?xml version="1.0" encoding="utf-8"?><testsuites name="pytest tests"><testsuite name="pytest" errors="0" failures="6" skipped="0" tests="25" time="8.043" timestamp="2026-01-12T08:27:43.272827+00:00" hostname="agent-env-c50f585c-be3c-475d-9eea-ad9e1f902e7a"><testcase classname="tests.test_sms_and_automation.TestSMSReceiveEndpoint" name="test_sms_receive_endpoint_exists" time="0.074" /><testcase classname="tests.test_sms_and_automation.TestSMSReceiveEndpoint" name="test_sms_parses_fonepay_format" time="0.039" /><testcase classname="tests.test_sms_and_automation.TestSMSReceiveEndpoint" name="test_sms_parses_bank_format_with_asterisks" time="0.039" /><testcase classname="tests.test_sms_and_automation.TestSMSReceiveEndpoint" name="test_sms_parses_amount_with_comma" time="0.040" /><testcase classname="tests.test_sms_and_automation.TestDuplicateSMSRejection" name="test_duplicate_sms_fingerprint_rejected" time="0.068" /><testcase classname="tests.test_sms_and_automation.TestDuplicateSMSRejection" name="test_duplicate_rrn_rejected_on_order_match" time="0.401"><failure message="assert 400 == 200&#10; +  where 400 = &lt;Response [400]&gt;.status_code">tests/test_sms_and_automation.py:159: in test_duplicate_rrn_rejected_on_order_match
    assert response.status_code == 200
E   assert 400 == 200
E    +  where 400 = &lt;Response [400]&gt;.status_code</failure></testcase><testcase classname="tests.test_sms_and_automation.TestSMSAutoMatching" name="test_sms_auto_matches_to_pending_order" time="0.403"><failure message="assert 400 == 200&#10; +  where 400 = &lt;Response [400]&gt;.status_code">tests/test_sms_and_automation.py:208: in test_sms_auto_matches_to_pending_order
    assert response.status_code == 200
E   assert 400 == 200
E    +  where 400 = &lt;Response [400]&gt;.status_code</failure></testcase><testcase classname="tests.test_sms_and_automation.TestSMSAutoMatching" name="test_sms_no_match_without_pending_order" time="0.035" /><testcase classname="tests.test_sms_and_automation.TestOverpaymentCredit" name="test_overpayment_credited_to_wallet" time="0.724"><failure message="assert 400 == 200&#10; +  where 400 = &lt;Response [400]&gt;.status_code">tests/test_sms_and_automation.py:272: in test_overpayment_credited_to_wallet
    assert response.status_code == 200
E   assert 400 == 200
E    +  where 400 = &lt;Response [400]&gt;.status_code</failure></testcase><testcase classname="tests.test_sms_and_automation.TestAutomationQueue" name="test_admin_can_view_automation_queue" time="0.292" /><testcase classname="tests.test_sms_and_automation.TestAutomationQueue" name="test_automation_queue_requires_admin_auth" time="0.034" /><testcase classname="tests.test_sms_and_automation.TestAutomationQueue" name="test_automation_queue_shows_queued_orders" time="0.288" /><testcase classname="tests.test_sms_and_automation.TestAdminTriggerAutomation" name="test_admin_can_trigger_single_order_automation" time="0.734" /><testcase classname="tests.test_sms_and_automation.TestAdminTriggerAutomation" name="test_trigger_automation_requires_queued_status" time="0.657"><failure message="assert 200 == 400&#10; +  where 200 = &lt;Response [200]&gt;.status_code">tests/test_sms_and_automation.py:402: in test_trigger_automation_requires_queued_status
    assert response.status_code == 400
E   assert 200 == 400
E    +  where 200 = &lt;Response [200]&gt;.status_code</failure></testcase><testcase classname="tests.test_sms_and_automation.TestAdminTriggerAutomation" name="test_trigger_automation_rejects_wallet_load_orders" time="0.584" /><testcase classname="tests.test_sms_and_automation.TestBatchAutomation" name="test_admin_can_trigger_batch_automation" time="0.301" /><testcase classname="tests.test_sms_and_automation.TestBatchAutomation" name="test_batch_automation_requires_admin_auth" time="0.038" /><testcase classname="tests.test_sms_and_automation.TestBatchAutomation" name="test_batch_automation_returns_zero_when_no_queued" time="0.353" /><testcase classname="tests.test_sms_and_automation.TestEndToEndPaymentFlow" name="test_full_payment_flow_with_sms_matching" time="0.656"><failure message="assert 400 == 200&#10; +  where 400 = &lt;Response [400]&gt;.status_code">tests/test_sms_and_automation.py:502: in test_full_payment_flow_with_sms_matching
    assert response.status_code == 200
E   assert 400 == 200
E    +  where 400 = &lt;Response [400]&gt;.status_code</failure></testcase><testcase classname="tests.test_sms_and_automation.TestEndToEndPaymentFlow" name="test_order_status_tracking" time="0.632"><failure message="AssertionError: Initial status should be pending_payment or paid&#10;assert 'queued' in ['pending_payment', 'paid']">tests/test_sms_and_automation.py:539: in test_order_status_tracking
    assert order["status"] in ["pending_payment", "paid"], f"Initial status should be pending_payment or paid"
E   AssertionError: Initial status should be pending_payment or paid
E   assert 'queued' in ['pending_payment', 'paid']</failure></testcase><testcase classname="tests.test_sms_and_automation.TestAdminSMSManagement" name="test_admin_can_list_sms" time="0.293" /><testcase classname="tests.test_sms_and_automation.TestAdminSMSManagement" name="test_admin_can_input_sms_manually" time="0.294" /><testcase classname="tests.test_sms_and_automation.TestAdminSMSManagement" name="test_admin_sms_input_detects_duplicate" time="0.326" /><testcase classname="tests.test_sms_and_automation.TestAdminReviewQueue" name="test_admin_can_view_review_queue" time="0.292" /><testcase classname="tests.test_sms_and_automation.TestAdminReviewQueue" name="test_review_queue_shows_correct_statuses" time="0.291" /></testsuite></testsuites>