<?xml version="1.0" encoding="utf-8"?><testsuites name="pytest tests"><testsuite name="pytest" errors="0" failures="1" skipped="0" tests="16" time="6.947" timestamp="2026-01-12T08:05:16.668288+00:00" hostname="agent-env-c50f585c-be3c-475d-9eea-ad9e1f902e7a"><testcase classname="tests.test_price_update_and_admin_orders.TestPriceUpdateFlow" name="test_price_update_affects_new_orders_only" time="0.720"><failure message="assert 400 == 200&#10; +  where 400 = &lt;Response [400]&gt;.status_code">tests/test_price_update_and_admin_orders.py:74: in test_price_update_affects_new_orders_only
    assert response.status_code == 200
E   assert 400 == 200
E    +  where 400 = &lt;Response [400]&gt;.status_code</failure></testcase><testcase classname="tests.test_price_update_and_admin_orders.TestPriceUpdateFlow" name="test_packages_api_returns_fresh_prices" time="0.442" /><testcase classname="tests.test_price_update_and_admin_orders.TestAdminOrdersAllTypes" name="test_admin_orders_returns_all_order_types" time="0.296" /><testcase classname="tests.test_price_update_and_admin_orders.TestAdminOrdersAllTypes" name="test_admin_orders_filter_by_product_topup" time="0.302" /><testcase classname="tests.test_price_update_and_admin_orders.TestAdminOrdersAllTypes" name="test_admin_orders_filter_by_wallet_load" time="0.295" /><testcase classname="tests.test_price_update_and_admin_orders.TestAdminOrdersAllTypes" name="test_admin_orders_filter_by_status" time="0.399" /><testcase classname="tests.test_price_update_and_admin_orders.TestAdminOrdersAllTypes" name="test_admin_orders_combined_filters" time="0.291" /><testcase classname="tests.test_price_update_and_admin_orders.TestAdminOrderEdit" name="test_admin_can_view_order_details" time="0.397" /><testcase classname="tests.test_price_update_and_admin_orders.TestAdminOrderEdit" name="test_admin_can_update_player_uid" time="0.515" /><testcase classname="tests.test_price_update_and_admin_orders.TestAdminOrderEdit" name="test_admin_can_update_status" time="0.430" /><testcase classname="tests.test_price_update_and_admin_orders.TestAdminOrderEdit" name="test_admin_can_update_notes" time="0.443" /><testcase classname="tests.test_price_update_and_admin_orders.TestAdminOrderEdit" name="test_admin_update_rejects_invalid_status" time="0.322" /><testcase classname="tests.test_price_update_and_admin_orders.TestAdminOrderEdit" name="test_admin_can_update_multiple_fields" time="0.492" /><testcase classname="tests.test_price_update_and_admin_orders.TestWalletLoadOrders" name="test_create_wallet_load_order" time="0.296" /><testcase classname="tests.test_price_update_and_admin_orders.TestWalletLoadOrders" name="test_wallet_load_order_visible_in_admin" time="0.582" /><testcase classname="tests.test_price_update_and_admin_orders.TestWalletLoadOrders" name="test_wallet_load_order_filterable" time="0.629" /></testsuite></testsuites>