<?xml version="1.0" encoding="utf-8"?><testsuites name="pytest tests"><testsuite name="pytest" errors="0" failures="0" skipped="0" tests="16" time="4.026" timestamp="2026-01-11T21:55:43.778693+00:00" hostname="agent-env-8a6f9519-a12a-468e-830a-06aaa3a6c34f"><testcase classname="tests.test_freefire_topup.TestUserAuthentication" name="test_user_login_success" time="0.307" /><testcase classname="tests.test_freefire_topup.TestUserAuthentication" name="test_user_login_invalid_credentials" time="0.262" /><testcase classname="tests.test_freefire_topup.TestAdminAuthentication" name="test_admin_login_success" time="0.260" /><testcase classname="tests.test_freefire_topup.TestAdminAuthentication" name="test_admin_login_invalid_credentials" time="0.302" /><testcase classname="tests.test_freefire_topup.TestPackagesAPI" name="test_list_packages_returns_all_products" time="0.042" /><testcase classname="tests.test_freefire_topup.TestPackagesAPI" name="test_packages_include_diamond_types" time="0.038" /><testcase classname="tests.test_freefire_topup.TestPackagesAPI" name="test_packages_include_membership_types" time="0.047" /><testcase classname="tests.test_freefire_topup.TestPackagesAPI" name="test_packages_include_evo_access_types" time="0.036" /><testcase classname="tests.test_freefire_topup.TestAdminDashboard" name="test_admin_dashboard_returns_stats" time="0.299" /><testcase classname="tests.test_freefire_topup.TestAdminDashboard" name="test_admin_dashboard_requires_auth" time="0.038" /><testcase classname="tests.test_freefire_topup.TestAdminPackagesManagement" name="test_admin_list_packages" time="0.298" /><testcase classname="tests.test_freefire_topup.TestAdminPackagesManagement" name="test_admin_update_package_price" time="0.478" /><testcase classname="tests.test_freefire_topup.TestAdminGarenaAccounts" name="test_admin_list_garena_accounts" time="0.296" /><testcase classname="tests.test_freefire_topup.TestAdminUsersManagement" name="test_admin_list_users" time="0.341" /><testcase classname="tests.test_freefire_topup.TestAdminUsersManagement" name="test_admin_block_unblock_user" time="0.490" /><testcase classname="tests.test_freefire_topup.TestUserProfile" name="test_user_profile_returns_wallet_balance" time="0.296" /></testsuite></testsuites>