<?xml version="1.0" encoding="utf-8"?><testsuites name="pytest tests"><testsuite name="pytest" errors="0" failures="0" skipped="0" tests="25" time="8.569" timestamp="2026-01-12T08:31:04.228712+00:00" hostname="agent-env-c50f585c-be3c-475d-9eea-ad9e1f902e7a"><testcase classname="tests.test_sms_and_automation.TestSMSReceiveEndpoint" name="test_sms_receive_endpoint_exists" time="0.069" /><testcase classname="tests.test_sms_and_automation.TestSMSReceiveEndpoint" name="test_sms_parses_fonepay_format" time="0.045" /><testcase classname="tests.test_sms_and_automation.TestSMSReceiveEndpoint" name="test_sms_parses_bank_format_with_asterisks" time="0.077" /><testcase classname="tests.test_sms_and_automation.TestSMSReceiveEndpoint" name="test_sms_parses_amount_with_comma" time="0.038" /><testcase classname="tests.test_sms_and_automation.TestDuplicateSMSRejection" name="test_duplicate_sms_fingerprint_rejected" time="0.113" /><testcase classname="tests.test_sms_and_automation.TestDuplicateSMSRejection" name="test_duplicate_rrn_rejected_via_sms" time="0.071" /><testcase classname="tests.test_sms_and_automation.TestSMSAutoMatching" name="test_sms_auto_matches_to_pending_order" time="0.771" /><testcase classname="tests.test_sms_and_automation.TestSMSAutoMatching" name="test_sms_no_match_without_pending_order" time="0.035" /><testcase classname="tests.test_sms_and_automation.TestOverpaymentCredit" name="test_overpayment_credited_to_wallet" time="0.884" /><testcase classname="tests.test_sms_and_automation.TestAutomationQueue" name="test_admin_can_view_automation_queue" time="0.295" /><testcase classname="tests.test_sms_and_automation.TestAutomationQueue" name="test_automation_queue_requires_admin_auth" time="0.072" /><testcase classname="tests.test_sms_and_automation.TestAutomationQueue" name="test_automation_queue_shows_queued_orders" time="0.290" /><testcase classname="tests.test_sms_and_automation.TestAdminTriggerAutomation" name="test_admin_can_trigger_single_order_automation" time="0.642" /><testcase classname="tests.test_sms_and_automation.TestAdminTriggerAutomation" name="test_trigger_automation_requires_queued_status" time="0.742" /><testcase classname="tests.test_sms_and_automation.TestAdminTriggerAutomation" name="test_trigger_automation_rejects_wallet_load_orders" time="0.597" /><testcase classname="tests.test_sms_and_automation.TestBatchAutomation" name="test_admin_can_trigger_batch_automation" time="0.302" /><testcase classname="tests.test_sms_and_automation.TestBatchAutomation" name="test_batch_automation_requires_admin_auth" time="0.037" /><testcase classname="tests.test_sms_and_automation.TestBatchAutomation" name="test_batch_automation_returns_zero_when_no_queued" time="0.326" /><testcase classname="tests.test_sms_and_automation.TestEndToEndPaymentFlow" name="test_full_payment_flow_with_sms_matching" time="0.770" /><testcase classname="tests.test_sms_and_automation.TestEndToEndPaymentFlow" name="test_order_status_tracking" time="0.754" /><testcase classname="tests.test_sms_and_automation.TestAdminSMSManagement" name="test_admin_can_list_sms" time="0.292" /><testcase classname="tests.test_sms_and_automation.TestAdminSMSManagement" name="test_admin_can_input_sms_manually" time="0.290" /><testcase classname="tests.test_sms_and_automation.TestAdminSMSManagement" name="test_admin_sms_input_detects_duplicate" time="0.363" /><testcase classname="tests.test_sms_and_automation.TestAdminReviewQueue" name="test_admin_can_view_review_queue" time="0.293" /><testcase classname="tests.test_sms_and_automation.TestAdminReviewQueue" name="test_review_queue_shows_correct_statuses" time="0.296" /></testsuite></testsuites>